<?xml version="1.0" encoding="UTF-8"?>
<testng-results skipped="0" failed="1" total="1" passed="0">
  <reporter-output>
    <line>
      <![CDATA[Launch browser http://www.yatra.com]]>
    </line>
    <line>
      <![CDATA[Title of the page Home is visibleFlight, Cheap Air Tickets , Hotels, Holiday, Trains Package Booking - Yatra.com]]>
    </line>
    <line>
      <![CDATA[Expected:::Flight, Cheap Air Tickets , Hotels, Holiday, Trains Package Booking - Yatra.com]]>
    </line>
    <line>
      <![CDATA[Title of the page Home is visibleFlight, Cheap Air Tickets , Hotels, Holiday, Trains Package Booking - Yatra.com]]>
    </line>
    <line>
      <![CDATA[Title of the page Home is visibleFlight, Cheap Air Tickets , Hotels, Holiday, Trains Package Booking - Yatra.com]]>
    </line>
    <line>
      <![CDATA[Actual:::true]]>
    </line>
  </reporter-output>
  <suite name="Default suite" duration-ms="13811" started-at="2016-04-14T18:25:43Z" finished-at="2016-04-14T18:25:57Z">
    <groups>
    </groups>
    <test name="Default test" duration-ms="13811" started-at="2016-04-14T18:25:43Z" finished-at="2016-04-14T18:25:57Z">
      <class name="com.google.yatra.sprint01.Sprint01_AV702">
        <test-method status="PASS" signature="beforeClass()[pri:0, instance:com.google.yatra.sprint01.Sprint01_AV702@6ea12c19]" name="beforeClass" is-config="true" duration-ms="8" started-at="2016-04-14T14:25:43Z" finished-at="2016-04-14T14:25:43Z">
          <reporter-output>
          </reporter-output>
        </test-method> <!-- beforeClass -->
        <test-method status="PASS" signature="beforeMethod()[pri:0, instance:com.google.yatra.sprint01.Sprint01_AV702@6ea12c19]" name="beforeMethod" is-config="true" duration-ms="12722" started-at="2016-04-14T14:25:43Z" finished-at="2016-04-14T14:25:56Z">
          <reporter-output>
          </reporter-output>
        </test-method> <!-- beforeMethod -->
        <test-method status="FAIL" signature="verify_yatrapageDisplayed_TC_01()[pri:0, instance:com.google.yatra.sprint01.Sprint01_AV702@6ea12c19]" name="verify_yatrapageDisplayed_TC_01" duration-ms="1036" started-at="2016-04-14T14:25:56Z" finished-at="2016-04-14T14:25:57Z">
          <exception class="org.openqa.selenium.WebDriverException">
            <message>
              <![CDATA[Element is not clickable at point (126, 34.80000305175781). Other element would receive the click: <div style="z-index: 150; background-color: rgb(0, 0, 0); opacity: 0.8; position: fixed; top: 0px; left: 0px; height: 1750px; width: 100%;" id="countrypopblackdiv"></div>
Command duration or timeout: 234 milliseconds
Build info: version: '2.53.0', revision: '35ae25b1534ae328c771e0856c93e187490ca824', time: '2016-03-15 10:43:46'
System info: host: 'DESKTOP-OUTS1K2', ip: '172.16.56.66', os.name: 'Windows 10', os.arch: 'amd64', os.version: '10.0', java.version: '1.8.0_65'
Driver info: org.openqa.selenium.firefox.FirefoxDriver
Capabilities [{applicationCacheEnabled=true, rotatable=false, handlesAlerts=true, databaseEnabled=true, version=45.0, platform=WINDOWS, nativeEvents=false, acceptSslCerts=true, webStorageEnabled=true, locationContextEnabled=true, browserName=firefox, takesScreenshot=true, javascriptEnabled=true, cssSelectorsEnabled=true}]
Session ID: e780f8c0-4b8f-4417-ae2c-52bd4959e1e0]]>
            </message>
            <full-stacktrace>
              <![CDATA[org.openqa.selenium.WebDriverException: Element is not clickable at point (126, 34.80000305175781). Other element would receive the click: <div style="z-index: 150; background-color: rgb(0, 0, 0); opacity: 0.8; position: fixed; top: 0px; left: 0px; height: 1750px; width: 100%;" id="countrypopblackdiv"></div>
Command duration or timeout: 234 milliseconds
Build info: version: '2.53.0', revision: '35ae25b1534ae328c771e0856c93e187490ca824', time: '2016-03-15 10:43:46'
System info: host: 'DESKTOP-OUTS1K2', ip: '172.16.56.66', os.name: 'Windows 10', os.arch: 'amd64', os.version: '10.0', java.version: '1.8.0_65'
Driver info: org.openqa.selenium.firefox.FirefoxDriver
Capabilities [{applicationCacheEnabled=true, rotatable=false, handlesAlerts=true, databaseEnabled=true, version=45.0, platform=WINDOWS, nativeEvents=false, acceptSslCerts=true, webStorageEnabled=true, locationContextEnabled=true, browserName=firefox, takesScreenshot=true, javascriptEnabled=true, cssSelectorsEnabled=true}]
Session ID: e780f8c0-4b8f-4417-ae2c-52bd4959e1e0
	at sun.reflect.NativeConstructorAccessorImpl.newInstance0(Native Method)
	at sun.reflect.NativeConstructorAccessorImpl.newInstance(NativeConstructorAccessorImpl.java:62)
	at sun.reflect.DelegatingConstructorAccessorImpl.newInstance(DelegatingConstructorAccessorImpl.java:45)
	at java.lang.reflect.Constructor.newInstance(Constructor.java:422)
	at org.openqa.selenium.remote.ErrorHandler.createThrowable(ErrorHandler.java:206)
	at org.openqa.selenium.remote.ErrorHandler.throwIfResponseFailed(ErrorHandler.java:158)
	at org.openqa.selenium.remote.RemoteWebDriver.execute(RemoteWebDriver.java:678)
	at org.openqa.selenium.remote.RemoteWebElement.execute(RemoteWebElement.java:327)
	at org.openqa.selenium.remote.RemoteWebElement.click(RemoteWebElement.java:85)
	at com.google.yatra.util.WebElements.click(WebElements.java:33)
	at com.google.yatra.pages.YatraHomePage.clickPlayStore(YatraHomePage.java:38)
	at com.google.yatra.sprint01.Sprint01_AV702.verify_yatrapageDisplayed_TC_01(Sprint01_AV702.java:44)
	at sun.reflect.NativeMethodAccessorImpl.invoke0(Native Method)
	at sun.reflect.NativeMethodAccessorImpl.invoke(NativeMethodAccessorImpl.java:62)
	at sun.reflect.DelegatingMethodAccessorImpl.invoke(DelegatingMethodAccessorImpl.java:43)
	at java.lang.reflect.Method.invoke(Method.java:497)
	at org.testng.internal.MethodInvocationHelper.invokeMethod(MethodInvocationHelper.java:86)
	at org.testng.internal.Invoker.invokeMethod(Invoker.java:645)
	at org.testng.internal.Invoker.invokeTestMethod(Invoker.java:822)
	at org.testng.internal.Invoker.invokeTestMethods(Invoker.java:1130)
	at org.testng.internal.TestMethodWorker.invokeTestMethods(TestMethodWorker.java:129)
	at org.testng.internal.TestMethodWorker.run(TestMethodWorker.java:112)
	at org.testng.TestRunner.privateRun(TestRunner.java:782)
	at org.testng.TestRunner.run(TestRunner.java:632)
	at org.testng.SuiteRunner.runTest(SuiteRunner.java:366)
	at org.testng.SuiteRunner.runSequentially(SuiteRunner.java:361)
	at org.testng.SuiteRunner.privateRun(SuiteRunner.java:319)
	at org.testng.SuiteRunner.run(SuiteRunner.java:268)
	at org.testng.SuiteRunnerWorker.runSuite(SuiteRunnerWorker.java:52)
	at org.testng.SuiteRunnerWorker.run(SuiteRunnerWorker.java:86)
	at org.testng.TestNG.runSuitesSequentially(TestNG.java:1244)
	at org.testng.TestNG.runSuitesLocally(TestNG.java:1169)
	at org.testng.TestNG.run(TestNG.java:1064)
	at org.testng.remote.RemoteTestNG.run(RemoteTestNG.java:113)
	at org.testng.remote.RemoteTestNG.initAndRun(RemoteTestNG.java:206)
	at org.testng.remote.RemoteTestNG.main(RemoteTestNG.java:177)
]]>
            </full-stacktrace>
          </exception> <!-- org.openqa.selenium.WebDriverException -->
          <reporter-output>
            <line>
              <![CDATA[Launch browser http://www.yatra.com]]>
            </line>
            <line>
              <![CDATA[Title of the page Home is visibleFlight, Cheap Air Tickets , Hotels, Holiday, Trains Package Booking - Yatra.com]]>
            </line>
            <line>
              <![CDATA[Expected:::Flight, Cheap Air Tickets , Hotels, Holiday, Trains Package Booking - Yatra.com]]>
            </line>
            <line>
              <![CDATA[Title of the page Home is visibleFlight, Cheap Air Tickets , Hotels, Holiday, Trains Package Booking - Yatra.com]]>
            </line>
            <line>
              <![CDATA[Title of the page Home is visibleFlight, Cheap Air Tickets , Hotels, Holiday, Trains Package Booking - Yatra.com]]>
            </line>
            <line>
              <![CDATA[Actual:::true]]>
            </line>
          </reporter-output>
        </test-method> <!-- verify_yatrapageDisplayed_TC_01 -->
      </class> <!-- com.google.yatra.sprint01.Sprint01_AV702 -->
    </test> <!-- Default test -->
  </suite> <!-- Default suite -->
</testng-results>
